#
# There is insufficient memory for the Java Runtime Environment to continue.
# Native memory allocation (mmap) failed to map 536870912 bytes for G1 virtual space
# Possible reasons:
#   The system is out of physical RAM or swap space
#   The process is running with CompressedOops enabled, and the Java Heap may be blocking the growth of the native heap
# Possible solutions:
#   Reduce memory load on the system
#   Increase physical memory or swap space
#   Check if swap backing store is full
#   Decrease Java heap size (-Xmx/-Xms)
#   Decrease number of Java threads
#   Decrease Java thread stack sizes (-Xss)
#   Set larger code cache with -XX:ReservedCodeCacheSize=
#   JVM is running with Zero Based Compressed Oops mode in which the Java heap is
#     placed in the first 32GB address space. The Java Heap base address is the
#     maximum limit for the native heap growth. Please use -XX:HeapBaseMinAddress
#     to set the Java Heap base and to place the Java Heap above 32GB virtual address.
# This output file may be truncated or incomplete.
#
#  Out of Memory Error (os_windows.cpp:3536), pid=15072, tid=17344
#
# JRE version:  (19.0.2+7) (build )
# Java VM: Java HotSpot(TM) 64-Bit Server VM (19.0.2+7-44, mixed mode, sharing, tiered, compressed oops, compressed class ptrs, g1 gc, windows-amd64)
# No core dump will be written. Minidumps are not enabled by default on client versions of Windows
#

---------------  S U M M A R Y ------------

Command Line: -javaagent:C:\Program Files\JetBrains\IntelliJ IDEA Community Edition 2022.3.2\lib\idea_rt.jar=61629:C:\Program Files\JetBrains\IntelliJ IDEA Community Edition 2022.3.2\bin -Dfile.encoding=UTF-8 -Dsun.stdout.encoding=UTF-8 -Dsun.stderr.encoding=UTF-8 Main

Host: Intel(R) Core(TM) i7-8850H CPU @ 2.60GHz, 12 cores, 31G,  Windows 10 , 64 bit Build 19041 (10.0.19041.2364)
Time: Sun Jan 29 14:59:34 2023  Windows 10 , 64 bit Build 19041 (10.0.19041.2364) elapsed time: 0.025577 seconds (0d 0h 0m 0s)

---------------  T H R E A D  ---------------

Current thread (0x000001ae8eb6d300):  JavaThread "Unknown thread" [_thread_in_vm, id=17344, stack(0x0000001406900000,0x0000001406a00000)]

Stack: [0x0000001406900000,0x0000001406a00000]
Native frames: (J=compiled Java code, j=interpreted, Vv=VM code, C=native code)
V  [jvm.dll+0x6ee21a]
V  [jvm.dll+0x85765e]
V  [jvm.dll+0x85904e]
V  [jvm.dll+0x859703]
V  [jvm.dll+0x28298f]
V  [jvm.dll+0x6eb009]
V  [jvm.dll+0x6dfbaa]
V  [jvm.dll+0x3573f6]
V  [jvm.dll+0x35ee56]
V  [jvm.dll+0x3b541e]
V  [jvm.dll+0x3b564f]
V  [jvm.dll+0x32c9ea]
V  [jvm.dll+0x32d89e]
V  [jvm.dll+0x821780]
V  [jvm.dll+0x3c2661]
V  [jvm.dll+0x801f51]
V  [jvm.dll+0x44ae8f]
V  [jvm.dll+0x44c811]
C  [jli.dll+0x5287]
C  [ucrtbase.dll+0x21bb2]
C  [KERNEL32.DLL+0x17614]
C  [ntdll.dll+0x526a1]


---------------  P R O C E S S  ---------------

Threads class SMR info:
_java_thread_list=0x00007fff0cc0d048, length=0, elements={
}

Java Threads: ( => current thread )

Other Threads:
  0x000001ae8ec1ca60 WorkerThread "GC Thread#0" [stack: 0x0000001406a00000,0x0000001406b00000] [id=10464]
  0x000001ae8ec2ea00 ConcurrentGCThread "G1 Main Marker" [stack: 0x0000001406b00000,0x0000001406c00000] [id=4424]
  0x000001ae8ec30be0 WorkerThread "G1 Conc#0" [stack: 0x0000001406c00000,0x0000001406d00000] [id=39056]

[error occurred during error reporting (printing all threads), id 0xc0000005, EXCEPTION_ACCESS_VIOLATION (0xc0000005) at pc=0x00007fff0c3cd427]

VM state: not at safepoint (not fully initialized)

VM Mutex/Monitor currently owned by a thread:  ([mutex/lock_event])
[0x000001ae8eb69a40] Heap_lock - owner thread: 0x000001ae8eb6d300

Heap address: 0x0000000602c00000, size: 8148 MB, Compressed Oops mode: Zero based, Oop shift amount: 3

CDS archive(s) mapped at: [0x0000000000000000-0x0000000000000000-0x0000000000000000), size 0, SharedBaseAddress: 0x0000000800000000, ArchiveRelocationMode: 0.
Narrow klass base: 0x0000000000000000, Narrow klass shift: 0, Narrow klass range: 0x0

GC Precious Log:
 CardTable entry size: 512
 Card Set container configuration: InlinePtr #cards 4 size 8 Array Of Cards #cards 32 size 80 Howl #buckets 8 coarsen threshold 7372 Howl Bitmap #cards 1024 size 144 coarsen threshold 921 Card regions per heap region 1 cards per card region 8192

Heap:
 garbage-first heap   total 0K, used 0K [0x0000000602c00000, 0x0000000800000000)
  region size 4096K, 0 young (0K), 0 survivors (0K)

[error occurred during error reporting (printing heap information), id 0xc0000005, EXCEPTION_ACCESS_VIOLATION (0xc0000005) at pc=0x00007fff0c7d6649]

GC Heap History (0 events):
No events

Dll operation events (1 events):
Event: 0.016 Loaded shared library C:\Program Files\Java\jdk-19\bin\java.dll

Deoptimization events (0 events):
No events

Classes loaded (0 events):
No events

Classes unloaded (0 events):
No events

Classes redefined (0 events):
No events

Internal exceptions (0 events):
No events

VM Operations (0 events):
No events

Events (0 events):
No events


Dynamic libraries:
0x00007ff7d9420000 - 0x00007ff7d9430000 	C:\Program Files\Java\jdk-19\bin\java.exe
0x00007fff70050000 - 0x00007fff70248000 	C:\Windows\SYSTEM32\ntdll.dll
0x00007fff6ec70000 - 0x00007fff6ed2f000 	C:\Windows\System32\KERNEL32.DLL
0x00007fff6db30000 - 0x00007fff6de02000 	C:\Windows\System32\KERNELBASE.dll
0x00007fff6d740000 - 0x00007fff6d840000 	C:\Windows\System32\ucrtbase.dll
0x00007fff55e70000 - 0x00007fff55e8b000 	C:\Program Files\Java\jdk-19\bin\VCRUNTIME140.dll
0x00007fff55ee0000 - 0x00007fff55ef8000 	C:\Program Files\Java\jdk-19\bin\jli.dll
0x00007fff6e390000 - 0x00007fff6e43e000 	C:\Windows\System32\ADVAPI32.dll
0x00007fff6ff10000 - 0x00007fff6ffae000 	C:\Windows\System32\msvcrt.dll
0x00007fff6e9e0000 - 0x00007fff6ea7c000 	C:\Windows\System32\sechost.dll
0x00007fff6e480000 - 0x00007fff6e5a5000 	C:\Windows\System32\RPCRT4.dll
0x00007fff6ed30000 - 0x00007fff6eed1000 	C:\Windows\System32\USER32.dll
0x00007fff5bc50000 - 0x00007fff5beea000 	C:\Windows\WinSxS\amd64_microsoft.windows.common-controls_6595b64144ccf1df_6.0.19041.1110_none_60b5254171f9507e\COMCTL32.dll
0x00007fff6da70000 - 0x00007fff6da92000 	C:\Windows\System32\win32u.dll
0x00007fff6ea80000 - 0x00007fff6eaab000 	C:\Windows\System32\GDI32.dll
0x00007fff6df80000 - 0x00007fff6e08f000 	C:\Windows\System32\gdi32full.dll
0x00007fff67240000 - 0x00007fff6724a000 	C:\Windows\SYSTEM32\VERSION.dll
0x00007fff6d840000 - 0x00007fff6d8dd000 	C:\Windows\System32\msvcp_win.dll
0x00007fff6e440000 - 0x00007fff6e472000 	C:\Windows\System32\IMM32.DLL
0x00007fff660f0000 - 0x00007fff660fc000 	C:\Program Files\Java\jdk-19\bin\vcruntime140_1.dll
0x00007fff34290000 - 0x00007fff3431e000 	C:\Program Files\Java\jdk-19\bin\msvcp140.dll
0x00007fff0c090000 - 0x00007fff0cd50000 	C:\Program Files\Java\jdk-19\bin\server\jvm.dll
0x00007fff56710000 - 0x00007fff56737000 	C:\Windows\SYSTEM32\WINMM.dll
0x00007fff3da10000 - 0x00007fff3da19000 	C:\Windows\SYSTEM32\WSOCK32.dll
0x00007fff6e950000 - 0x00007fff6e9bb000 	C:\Windows\System32\WS2_32.dll
0x00007fff6bf90000 - 0x00007fff6bfa2000 	C:\Windows\SYSTEM32\kernel.appcore.dll
0x00007fff62280000 - 0x00007fff6228a000 	C:\Program Files\Java\jdk-19\bin\jimage.dll
0x00007fff6b480000 - 0x00007fff6b664000 	C:\Windows\SYSTEM32\DBGHELP.DLL
0x00007fff4ee40000 - 0x00007fff4ee75000 	C:\Windows\SYSTEM32\dbgcore.DLL
0x00007fff6daa0000 - 0x00007fff6db22000 	C:\Windows\System32\bcryptPrimitives.dll
0x00007fff696c0000 - 0x00007fff696ce000 	C:\Program Files\Java\jdk-19\bin\instrument.dll
0x00007fff45830000 - 0x00007fff45856000 	C:\Program Files\Java\jdk-19\bin\java.dll

dbghelp: loaded successfully - version: 4.0.5 - missing functions: none
symbol engine: initialized successfully - sym options: 0x614 - pdb path: .;C:\Program Files\Java\jdk-19\bin;C:\Windows\SYSTEM32;C:\Windows\WinSxS\amd64_microsoft.windows.common-controls_6595b64144ccf1df_6.0.19041.1110_none_60b5254171f9507e;C:\Program Files\Java\jdk-19\bin\server

VM Arguments:
jvm_args: -javaagent:C:\Program Files\JetBrains\IntelliJ IDEA Community Edition 2022.3.2\lib\idea_rt.jar=61629:C:\Program Files\JetBrains\IntelliJ IDEA Community Edition 2022.3.2\bin -Dfile.encoding=UTF-8 -Dsun.stdout.encoding=UTF-8 -Dsun.stderr.encoding=UTF-8 
java_command: Main
java_class_path (initial): D:\Study\2023\4.Java VPD011\Lesson 1. Begin\example\target\classes
Launcher Type: SUN_STANDARD

[Global flags]
     intx CICompilerCount                          = 4                                         {product} {ergonomic}
     uint ConcGCThreads                            = 3                                         {product} {ergonomic}
     uint G1ConcRefinementThreads                  = 10                                        {product} {ergonomic}
   size_t G1HeapRegionSize                         = 4194304                                   {product} {ergonomic}
    uintx GCDrainStackTargetSize                   = 64                                        {product} {ergonomic}
   size_t InitialHeapSize                          = 536870912                                 {product} {ergonomic}
   size_t MarkStackSize                            = 4194304                                   {product} {ergonomic}
   size_t MaxHeapSize                              = 8543797248                                {product} {ergonomic}
   size_t MinHeapDeltaBytes                        = 4194304                                   {product} {ergonomic}
   size_t MinHeapSize                              = 8388608                                   {product} {ergonomic}
    uintx NonNMethodCodeHeapSize                   = 5839372                                {pd product} {ergonomic}
    uintx NonProfiledCodeHeapSize                  = 122909434                              {pd product} {ergonomic}
    uintx ProfiledCodeHeapSize                     = 122909434                              {pd product} {ergonomic}
    uintx ReservedCodeCacheSize                    = 251658240                              {pd product} {ergonomic}
     bool SegmentedCodeCache                       = true                                      {product} {ergonomic}
   size_t SoftMaxHeapSize                          = 8543797248                             {manageable} {ergonomic}
     bool UseCompressedClassPointers               = true                           {product lp64_product} {ergonomic}
     bool UseCompressedOops                        = true                           {product lp64_product} {ergonomic}
     bool UseG1GC                                  = true                                      {product} {ergonomic}
     bool UseLargePagesIndividualAllocation        = false                                  {pd product} {ergonomic}

Logging:
Log output configuration:
 #0: stdout all=warning uptime,level,tags foldmultilines=false
 #1: stderr all=off uptime,level,tags foldmultilines=false

Environment Variables:
PATH=C:\Program Files\Common Files\Oracle\Java\javapath;C:\Windows\system32;C:\Windows;C:\Windows\System32\Wbem;C:\Windows\System32\WindowsPowerShell\v1.0\;C:\Windows\System32\OpenSSH\;C:\Program Files\Git\cmd;C:\Program Files (x86)\Microsoft SQL Server\150\Tools\Binn\;C:\Program Files\Microsoft SQL Server\150\Tools\Binn\;C:\Program Files (x86)\Microsoft SQL Server\150\DTS\Binn\;C:\Program Files\Microsoft SQL Server\150\DTS\Binn\;C:\Program Files\Microsoft SQL Server\Client SDK\ODBC\170\Tools\Binn\;C:\Program Files\Azure Data Studio\bin;C:\Program Files\dotnet\;C:\xampp\php;C:\ProgramData\ComposerSetup\bin;C:\Program Files\Microsoft SQL Server\130\Tools\Binn\;C:\Program Files\nodejs\;C:\Users\novak\AppData\Local\Microsoft\WindowsApps;;C:\Users\novak\AppData\Local\Programs\Microsoft VS Code\bin;C:\Program Files\Azure Data Studio\bin;C:\Users\novak\.dotnet\tools;C:\Program Files\JetBrains\PhpStorm 2022.3\bin;;C:\Users\novak\AppData\Roaming\Composer\vendor\bin;C:\Users\novak\AppData\Roaming\npm;C:\Program Files\JetBrains\IntelliJ IDEA Community Edition 2022.3.2\bin;
USERNAME=novak
OS=Windows_NT
PROCESSOR_IDENTIFIER=Intel64 Family 6 Model 158 Stepping 10, GenuineIntel
TMP=C:\Users\novak\AppData\Local\Temp
TEMP=C:\Users\novak\AppData\Local\Temp



---------------  S Y S T E M  ---------------

OS:
 Windows 10 , 64 bit Build 19041 (10.0.19041.2364)
OS uptime: 3 days 19:32 hours

CPU: total 12 (initial active 12) (6 cores per cpu, 2 threads per core) family 6 model 158 stepping 10 microcode 0xc6, cx8, cmov, fxsr, ht, mmx, 3dnowpref, sse, sse2, sse3, ssse3, sse4.1, sse4.2, popcnt, lzcnt, tsc, tscinvbit, avx, avx2, aes, erms, clmul, bmi1, bmi2, rtm, adx, fma, vzeroupper, clflush, clflushopt, rdtscp

Memory: 4k page, system-wide physical 32582M (16392M free)
TotalPageFile size 68871M (AvailPageFile size 442M)
current process WorkingSet (physical memory assigned to process): 11M, peak: 11M
current process commit charge ("private bytes"): 65M, peak: 576M

vm_info: Java HotSpot(TM) 64-Bit Server VM (19.0.2+7-44) for windows-amd64 JRE (19.0.2+7-44), built on 2022-11-30T18:02:09Z by "mach5one" with MS VC++ 17.1 (VS2022)

END.
